<!DOCTYPE html PUBLIC "-//W3C//DTD XHTML 1.1//EN" "http://www.w3.org/TR/xhtml11/DTD/xhtml11.dtd">
<html xmlns="http://www.w3.org/1999/xhtml">
<head>
<meta http-equiv="content-type" content="text/html; charset=UTF-8"/>
<title>TestNG Report</title>
<style type="text/css">table {margin-bottom:10px;border-collapse:collapse;empty-cells:show}th,td {border:1px solid #009;padding:.25em .5em}th {vertical-align:bottom}td {vertical-align:top}table a {font-weight:bold}.stripe td {background-color: #E6EBF9}.num {text-align:right}.passedodd td {background-color: #3F3}.passedeven td {background-color: #0A0}.skippedodd td {background-color: #DDD}.skippedeven td {background-color: #CCC}.failedodd td,.attn {background-color: #F33}.failedeven td,.stripe .attn {background-color: #D00}.stacktrace {white-space:pre;font-family:monospace}.totop {font-size:85%;text-align:center;border-bottom:2px solid #000}.invisible {display:none}</style>
</head>
<body>
<table>
<tr><th>Test</th><th># Passed</th><th># Skipped</th><th># Failed</th><th>Time (ms)</th><th>Included Groups</th><th>Excluded Groups</th></tr>
<tr><th colspan="7">Suite</th></tr>
<tr><td><a href="#t0">Default Test</a></td><td class="num">0</td><td class="num attn">3</td><td class="num">0</td><td class="num">468</td><td></td><td></td></tr>
</table>
<table id='summary'><thead><tr><th>Class</th><th>Method</th><th>Start</th><th>Time (ms)</th></tr></thead><tbody><tr><th colspan="4">Suite</th></tr></tbody><tbody id="t0"><tr><th colspan="4">Default Test &#8212; failed (configuration methods)</th></tr><tr class="failedeven"><td rowspan="1">com.demoaut.newtours.Testscripts.BookTicketTest</td><td><a href="#m0">openBrowser</a></td><td rowspan="1">1519303805357</td><td rowspan="1">78</td></tr><tr><th colspan="4">Default Test &#8212; skipped (configuration methods)</th></tr><tr class="skippedeven"><td rowspan="2">com.demoaut.newtours.Testscripts.BookTicketTest</td><td><a href="#m1">closeBrowser</a></td><td rowspan="1">1519303805451</td><td rowspan="1">0</td></tr><tr class="skippedeven"><td><a href="#m2">tearDown</a></td><td rowspan="1">1519303805576</td><td rowspan="1">0</td></tr><tr class="skippedodd"><td rowspan="2">com.demoaut.newtours.Testscripts.InvalidUser</td><td><a href="#m3">closeBrowser</a></td><td rowspan="1">1519303805482</td><td rowspan="1">0</td></tr><tr class="skippedodd"><td><a href="#m4">openBrowser</a></td><td rowspan="1">1519303805466</td><td rowspan="1">0</td></tr><tr class="skippedeven"><td rowspan="2">com.demoaut.newtours.Testscripts.ValidateUser</td><td><a href="#m5">closeBrowser</a></td><td rowspan="1">1519303805498</td><td rowspan="1">0</td></tr><tr class="skippedeven"><td><a href="#m6">openBrowser</a></td><td rowspan="1">1519303805482</td><td rowspan="1">0</td></tr><tr><th colspan="4">Default Test &#8212; skipped</th></tr><tr class="skippedeven"><td rowspan="1">com.demoaut.newtours.Testscripts.BookTicketTest</td><td><a href="#m7">ticketbookingTest</a></td><td rowspan="1">1519303805451</td><td rowspan="1">0</td></tr><tr class="skippedodd"><td rowspan="1">com.demoaut.newtours.Testscripts.InvalidUser</td><td><a href="#m8">userValidation</a></td><td rowspan="1">1519303805466</td><td rowspan="1">0</td></tr><tr class="skippedeven"><td rowspan="1">com.demoaut.newtours.Testscripts.ValidateUser</td><td><a href="#m9">userValidation</a></td><td rowspan="1">1519303805482</td><td rowspan="1">0</td></tr></tbody>
</table>
<h2>Default Test</h2><h3 id="m0">com.demoaut.newtours.Testscripts.BookTicketTest#openBrowser</h3><table class="result"><tr><th>Exception</th></tr><tr><td><div class="stacktrace">java.lang.IllegalStateException: The driver executable does not exist: D:\Programs\TestNGprogs\chromedriver.exe
	at com.google.common.base.Preconditions.checkState(Preconditions.java:518)
	at org.openqa.selenium.remote.service.DriverService.checkExecutable(DriverService.java:136)
	at org.openqa.selenium.remote.service.DriverService.findExecutable(DriverService.java:131)
	at org.openqa.selenium.chrome.ChromeDriverService.access$000(ChromeDriverService.java:32)
	at org.openqa.selenium.chrome.ChromeDriverService$Builder.findDefaultExecutable(ChromeDriverService.java:137)
	at org.openqa.selenium.remote.service.DriverService$Builder.build(DriverService.java:330)
	at org.openqa.selenium.chrome.ChromeDriverService.createDefaultService(ChromeDriverService.java:88)
	at org.openqa.selenium.chrome.ChromeDriver.&lt;init&gt;(ChromeDriver.java:124)
	at com.demoaut.newtours.Testscripts.BaseTest.openBrowser(BaseTest.java:40)
... Removed 26 stack frames</div></td></tr></table><p class="totop"><a href="#summary">back to summary</a></p>
<h3 id="m1">com.demoaut.newtours.Testscripts.BookTicketTest#closeBrowser</h3><table class="result"><tr><th class="invisible"/></tr></table><p class="totop"><a href="#summary">back to summary</a></p>
<h3 id="m2">com.demoaut.newtours.Testscripts.BookTicketTest#tearDown</h3><table class="result"><tr><th class="invisible"/></tr></table><p class="totop"><a href="#summary">back to summary</a></p>
<h3 id="m3">com.demoaut.newtours.Testscripts.InvalidUser#closeBrowser</h3><table class="result"><tr><th class="invisible"/></tr></table><p class="totop"><a href="#summary">back to summary</a></p>
<h3 id="m4">com.demoaut.newtours.Testscripts.InvalidUser#openBrowser</h3><table class="result"><tr><th class="invisible"/></tr></table><p class="totop"><a href="#summary">back to summary</a></p>
<h3 id="m5">com.demoaut.newtours.Testscripts.ValidateUser#closeBrowser</h3><table class="result"><tr><th class="invisible"/></tr></table><p class="totop"><a href="#summary">back to summary</a></p>
<h3 id="m6">com.demoaut.newtours.Testscripts.ValidateUser#openBrowser</h3><table class="result"><tr><th class="invisible"/></tr></table><p class="totop"><a href="#summary">back to summary</a></p>
<h3 id="m7">com.demoaut.newtours.Testscripts.BookTicketTest#ticketbookingTest</h3><table class="result"><tr><th>Exception</th></tr><tr><td><div class="stacktrace">java.lang.IllegalStateException: The driver executable does not exist: D:\Programs\TestNGprogs\chromedriver.exe
	at com.google.common.base.Preconditions.checkState(Preconditions.java:518)
	at org.openqa.selenium.remote.service.DriverService.checkExecutable(DriverService.java:136)
	at org.openqa.selenium.remote.service.DriverService.findExecutable(DriverService.java:131)
	at org.openqa.selenium.chrome.ChromeDriverService.access$000(ChromeDriverService.java:32)
	at org.openqa.selenium.chrome.ChromeDriverService$Builder.findDefaultExecutable(ChromeDriverService.java:137)
	at org.openqa.selenium.remote.service.DriverService$Builder.build(DriverService.java:330)
	at org.openqa.selenium.chrome.ChromeDriverService.createDefaultService(ChromeDriverService.java:88)
	at org.openqa.selenium.chrome.ChromeDriver.&lt;init&gt;(ChromeDriver.java:124)
	at com.demoaut.newtours.Testscripts.BaseTest.openBrowser(BaseTest.java:40)
... Removed 26 stack frames</div></td></tr></table><p class="totop"><a href="#summary">back to summary</a></p>
<h3 id="m8">com.demoaut.newtours.Testscripts.InvalidUser#userValidation</h3><table class="result"><tr><th>Exception</th></tr><tr><td><div class="stacktrace">java.lang.IllegalStateException: The driver executable does not exist: D:\Programs\TestNGprogs\chromedriver.exe
	at com.google.common.base.Preconditions.checkState(Preconditions.java:518)
	at org.openqa.selenium.remote.service.DriverService.checkExecutable(DriverService.java:136)
	at org.openqa.selenium.remote.service.DriverService.findExecutable(DriverService.java:131)
	at org.openqa.selenium.chrome.ChromeDriverService.access$000(ChromeDriverService.java:32)
	at org.openqa.selenium.chrome.ChromeDriverService$Builder.findDefaultExecutable(ChromeDriverService.java:137)
	at org.openqa.selenium.remote.service.DriverService$Builder.build(DriverService.java:330)
	at org.openqa.selenium.chrome.ChromeDriverService.createDefaultService(ChromeDriverService.java:88)
	at org.openqa.selenium.chrome.ChromeDriver.&lt;init&gt;(ChromeDriver.java:124)
	at com.demoaut.newtours.Testscripts.BaseTest.openBrowser(BaseTest.java:40)
... Removed 26 stack frames</div></td></tr></table><p class="totop"><a href="#summary">back to summary</a></p>
<h3 id="m9">com.demoaut.newtours.Testscripts.ValidateUser#userValidation</h3><table class="result"><tr><th>Exception</th></tr><tr><td><div class="stacktrace">java.lang.IllegalStateException: The driver executable does not exist: D:\Programs\TestNGprogs\chromedriver.exe
	at com.google.common.base.Preconditions.checkState(Preconditions.java:518)
	at org.openqa.selenium.remote.service.DriverService.checkExecutable(DriverService.java:136)
	at org.openqa.selenium.remote.service.DriverService.findExecutable(DriverService.java:131)
	at org.openqa.selenium.chrome.ChromeDriverService.access$000(ChromeDriverService.java:32)
	at org.openqa.selenium.chrome.ChromeDriverService$Builder.findDefaultExecutable(ChromeDriverService.java:137)
	at org.openqa.selenium.remote.service.DriverService$Builder.build(DriverService.java:330)
	at org.openqa.selenium.chrome.ChromeDriverService.createDefaultService(ChromeDriverService.java:88)
	at org.openqa.selenium.chrome.ChromeDriver.&lt;init&gt;(ChromeDriver.java:124)
	at com.demoaut.newtours.Testscripts.BaseTest.openBrowser(BaseTest.java:40)
... Removed 26 stack frames</div></td></tr></table><p class="totop"><a href="#summary">back to summary</a></p>
</body>
</html>
