<?xml version="1.0" encoding="UTF-8"?>
<!-- Generated by org.testng.reporters.JUnitXMLReporter -->
<testsuite hostname="DESKTOP-NNT0OEF" ignored="2" name="Default Test" tests="3" failures="0" timestamp="22 Feb 2018 12:50:05 GMT" time="0.468" errors="0">
  <testcase name="@BeforeClass openBrowser" time="0.078" classname="com.demoaut.newtours.Testscripts.BaseTest">
    <failure type="java.lang.IllegalStateException" message="The driver executable does not exist: D:\Programs\TestNGprogs\chromedriver.exe">
      <![CDATA[java.lang.IllegalStateException: The driver executable does not exist: D:\Programs\TestNGprogs\chromedriver.exeat com.google.common.base.Preconditions.checkState(Preconditions.java:518)at org.openqa.selenium.remote.service.DriverService.checkExecutable(DriverService.java:136)at org.openqa.selenium.remote.service.DriverService.findExecutable(DriverService.java:131)at org.openqa.selenium.chrome.ChromeDriverService.access$000(ChromeDriverService.java:32)at org.openqa.selenium.chrome.ChromeDriverService$Builder.findDefaultExecutable(ChromeDriverService.java:137)at org.openqa.selenium.remote.service.DriverService$Builder.build(DriverService.java:330)at org.openqa.selenium.chrome.ChromeDriverService.createDefaultService(ChromeDriverService.java:88)at org.openqa.selenium.chrome.ChromeDriver.<init>(ChromeDriver.java:124)at com.demoaut.newtours.Testscripts.BaseTest.openBrowser(BaseTest.java:40)... Removed 26 stack frames]]>
    </failure>
  </testcase> <!-- @BeforeClass openBrowser -->
  <testcase name="@AfterClass closeBrowser" time="0.0" classname="com.demoaut.newtours.Testscripts.BaseTest">
    <skipped/>
  </testcase> <!-- @AfterClass closeBrowser -->
  <testcase name="@BeforeClass openBrowser" time="0.0" classname="com.demoaut.newtours.Testscripts.BaseTest">
    <skipped/>
  </testcase> <!-- @BeforeClass openBrowser -->
  <testcase name="@AfterClass closeBrowser" time="0.0" classname="com.demoaut.newtours.Testscripts.BaseTest">
    <skipped/>
  </testcase> <!-- @AfterClass closeBrowser -->
  <testcase name="@BeforeClass openBrowser" time="0.0" classname="com.demoaut.newtours.Testscripts.BaseTest">
    <skipped/>
  </testcase> <!-- @BeforeClass openBrowser -->
  <testcase name="@AfterClass closeBrowser" time="0.0" classname="com.demoaut.newtours.Testscripts.BaseTest">
    <skipped/>
  </testcase> <!-- @AfterClass closeBrowser -->
  <testcase name="ticketbookingTest" time="0.0" classname="com.demoaut.newtours.Testscripts.BookTicketTest">
    <skipped/>
  </testcase> <!-- ticketbookingTest -->
  <testcase name="userValidation" time="0.0" classname="com.demoaut.newtours.Testscripts.InvalidUser">
    <skipped/>
  </testcase> <!-- userValidation -->
  <testcase name="userValidation" time="0.0" classname="com.demoaut.newtours.Testscripts.ValidateUser">
    <skipped/>
  </testcase> <!-- userValidation -->
  <testcase name="@AfterSuite tearDown" time="0.0" classname="com.demoaut.newtours.Testscripts.BaseTest">
    <ignored/>
  </testcase> <!-- @AfterSuite tearDown -->
  <testcase name="@AfterSuite tearDown" time="0.0" classname="com.demoaut.newtours.Testscripts.BaseTest">
    <ignored/>
  </testcase> <!-- @AfterSuite tearDown -->
</testsuite> <!-- Default Test -->
