<?xml version="1.0" encoding="UTF-8"?>
<!-- Generated by org.testng.reporters.JUnitXMLReporter -->
<testsuite hostname="DESKTOP-NNT0OEF" ignored="0" name="Default test(failed)" tests="4" failures="0" timestamp="07 Feb 2018 06:37:05 GMT" time="0.123" errors="0">
  <testcase name="@BeforeTest openBrowser" time="0.0" classname="TestNGdemos.CrossBrowserT">
    <failure type="org.testng.TestNGException" message="
Parameter &amp;apos;browser&amp;apos; is required by BeforeTest on method openBrowser but has not been marked @Optional or defined
in D:\Programs\TestNGprogs\test-output\testng-failed.xml">
      <![CDATA[org.testng.TestNGException: Parameter 'browser' is required by BeforeTest on method openBrowser but has not been marked @Optional or definedin D:\Programs\TestNGprogs\test-output\testng-failed.xml... Removed 21 stack frames]]>
    </failure>
  </testcase> <!-- @BeforeTest openBrowser -->
  <testcase name="@AfterTest closeBrowser" time="0.0" classname="TestNGdemos.CrossBrowserT">
    <skipped/>
  </testcase> <!-- @AfterTest closeBrowser -->
  <testcase name="verifyText2" time="0.0" classname="TestNGdemos.CrossBrowserT">
    <skipped/>
  </testcase> <!-- verifyText2 -->
  <testcase name="verifyTitle" time="0.0" classname="TestNGdemos.CrossBrowserT">
    <skipped/>
  </testcase> <!-- verifyTitle -->
  <testcase name="verifyRadiobuton" time="0.0" classname="TestNGdemos.CrossBrowserT">
    <skipped/>
  </testcase> <!-- verifyRadiobuton -->
  <testcase name="verifyText1" time="0.0" classname="TestNGdemos.CrossBrowserT">
    <skipped/>
  </testcase> <!-- verifyText1 -->
</testsuite> <!-- Default test(failed) -->
